Build started 2015-11-19 오전 9:35:51.
     1>Project "C:\Users\IM-34\Documents\GitHub\LecPython\1119\1119\1119.vcxproj" on node 2 (Build target(s)).
     1>Link:
         C:\Program Files (x86)\Microsoft Visual Studio 12.0\VC\bin\link.exe /ERRORREPORT:PROMPT /OUT:"C:\Users\IM-34\Documents\GitHub\LecPython\1119\Debug\1119.exe" /INCREMENTAL /NOLOGO kernel32.lib user32.lib gdi32.lib winspool.lib comdlg32.lib advapi32.lib shell32.lib ole32.lib oleaut32.lib uuid.lib odbc32.lib odbccp32.lib /MANIFEST /MANIFESTUAC:"level='asInvoker' uiAccess='false'" /manifest:embed /DEBUG /PDB:"C:\Users\IM-34\Documents\GitHub\LecPython\1119\Debug\1119.pdb" /SUBSYSTEM:WINDOWS /TLBID:1 /DYNAMICBASE /NXCOMPAT /IMPLIB:"C:\Users\IM-34\Documents\GitHub\LecPython\1119\Debug\1119.lib" /MACHINE:X86 Debug\Source.obj
     1>MSVCRTD.lib(crtexew.obj) : error LNK2019: unresolved external symbol _WinMain@16 referenced in function ___tmainCRTStartup
     1>C:\Users\IM-34\Documents\GitHub\LecPython\1119\Debug\1119.exe : fatal error LNK1120: 1 unresolved externals
     1>Done Building Project "C:\Users\IM-34\Documents\GitHub\LecPython\1119\1119\1119.vcxproj" (Build target(s)) -- FAILED.

Build FAILED.

Time Elapsed 00:00:00.12
